# JRE version: Java(TM) SE Runtime Environment (21.0.7+8) (build 21.0.7+8-LTS-245)
# Java VM: Java HotSpot(TM) 64-Bit Server VM (21.0.7+8-LTS-245, mixed mode, sharing, tiered, compressed oops, compressed class ptrs, g1 gc, windows-amd64)
GC Precious Log:
 CardTable entry size: 512
 Card Set container configuration: InlinePtr #cards 5 size 8 Array Of Cards #cards 12 size 40 Howl #buckets 4 coarsen threshold 1843 Howl Bitmap #cards 512 size 80 coarsen threshold 460 Card regions per heap region 1 cards per card region 2048
 CPUs: 4 total, 4 available
 Memory: 8080M
 Large Page Support: Disabled
 NUMA Support: Disabled
 Compressed Oops: Enabled (32-bit)
 Heap Region Size: 1M
 Heap Min Capacity: 8M
 Heap Initial Capacity: 128M
 Heap Max Capacity: 2022M
 Pre-touch: Disabled
 Parallel Workers: 4
 Concurrent Workers: 1
 Concurrent Refinement Workers: 4
 Periodic GC: Disabled
Heap:
 garbage-first heap   total 192512K, used 107990K [0x0000000081a00000, 0x0000000100000000)
  region size 1024K, 6 young (6144K), 2 survivors (2048K)
 Metaspace       used 34848K, committed 35456K, reserved 1114112K
  class space    used 3813K, committed 4096K, reserved 1048576K
GC Heap History (20 events):
Event: 11.183 GC heap before
{Heap before GC invocations=13 (full 0):
 garbage-first heap   total 115712K, used 99085K [0x0000000081a00000, 0x0000000100000000)
  region size 1024K, 66 young (67584K), 8 survivors (8192K)
 Metaspace       used 23045K, committed 23488K, reserved 1114112K
  class space    used 2481K, committed 2688K, reserved 1048576K
}
Event: 11.192 GC heap after
{Heap after GC invocations=14 (full 0):
 garbage-first heap   total 115712K, used 35565K [0x0000000081a00000, 0x0000000100000000)
  region size 1024K, 3 young (3072K), 3 survivors (3072K)
 Metaspace       used 23045K, committed 23488K, reserved 1114112K
  class space    used 2481K, committed 2688K, reserved 1048576K
}
Event: 11.431 GC heap before
{Heap before GC invocations=14 (full 0):
 garbage-first heap   total 115712K, used 100077K [0x0000000081a00000, 0x0000000100000000)
  region size 1024K, 67 young (68608K), 3 survivors (3072K)
 Metaspace       used 23048K, committed 23488K, reserved 1114112K
  class space    used 2481K, committed 2688K, reserved 1048576K
}
Event: 11.435 GC heap after
{Heap after GC invocations=15 (full 0):
 garbage-first heap   total 115712K, used 35628K [0x0000000081a00000, 0x0000000100000000)
  region size 1024K, 3 young (3072K), 3 survivors (3072K)
 Metaspace       used 23048K, committed 23488K, reserved 1114112K
  class space    used 2481K, committed 2688K, reserved 1048576K
}
Event: 11.799 GC heap before
{Heap before GC invocations=15 (full 0):
 garbage-first heap   total 115712K, used 100140K [0x0000000081a00000, 0x0000000100000000)
  region size 1024K, 67 young (68608K), 3 survivors (3072K)
 Metaspace       used 23056K, committed 23488K, reserved 1114112K
  class space    used 2481K, committed 2688K, reserved 1048576K
}
Event: 11.808 GC heap after
{Heap after GC invocations=16 (full 0):
 garbage-first heap   total 139264K, used 38073K [0x0000000081a00000, 0x0000000100000000)
  region size 1024K, 5 young (5120K), 5 survivors (5120K)
 Metaspace       used 23056K, committed 23488K, reserved 1114112K
  class space    used 2481K, committed 2688K, reserved 1048576K
}
Event: 12.410 GC heap before
{Heap before GC invocations=16 (full 0):
 garbage-first heap   total 139264K, used 115897K [0x0000000081a00000, 0x0000000100000000)
  region size 1024K, 81 young (82944K), 5 survivors (5120K)
 Metaspace       used 23122K, committed 23552K, reserved 1114112K
  class space    used 2487K, committed 2688K, reserved 1048576K
}
Event: 12.415 GC heap after
{Heap after GC invocations=17 (full 0):
 garbage-first heap   total 139264K, used 37371K [0x0000000081a00000, 0x0000000100000000)
  region size 1024K, 5 young (5120K), 5 survivors (5120K)
 Metaspace       used 23122K, committed 23552K, reserved 1114112K
  class space    used 2487K, committed 2688K, reserved 1048576K
}
Event: 13.252 GC heap before
{Heap before GC invocations=17 (full 0):
 garbage-first heap   total 139264K, used 119291K [0x0000000081a00000, 0x0000000100000000)
  region size 1024K, 81 young (82944K), 5 survivors (5120K)
 Metaspace       used 23646K, committed 24128K, reserved 1114112K
  class space    used 2537K, committed 2752K, reserved 1048576K
}
Event: 13.279 GC heap after
{Heap after GC invocations=18 (full 0):
 garbage-first heap   total 150528K, used 67510K [0x0000000081a00000, 0x0000000100000000)
  region size 1024K, 11 young (11264K), 11 survivors (11264K)
 Metaspace       used 23646K, committed 24128K, reserved 1114112K
  class space    used 2537K, committed 2752K, reserved 1048576K
}
Event: 14.565 GC heap before
{Heap before GC invocations=18 (full 0):
 garbage-first heap   total 150528K, used 137142K [0x0000000081a00000, 0x0000000100000000)
  region size 1024K, 69 young (70656K), 11 survivors (11264K)
 Metaspace       used 26772K, committed 27264K, reserved 1114112K
  class space    used 2927K, committed 3136K, reserved 1048576K
}
Event: 14.585 GC heap after
{Heap after GC invocations=19 (full 0):
 garbage-first heap   total 159744K, used 84480K [0x0000000081a00000, 0x0000000100000000)
  region size 1024K, 9 young (9216K), 9 survivors (9216K)
 Metaspace       used 26772K, committed 27264K, reserved 1114112K
  class space    used 2927K, committed 3136K, reserved 1048576K
}
Event: 14.816 GC heap before
{Heap before GC invocations=19 (full 0):
 garbage-first heap   total 159744K, used 86528K [0x0000000081a00000, 0x0000000100000000)
  region size 1024K, 12 young (12288K), 9 survivors (9216K)
 Metaspace       used 30705K, committed 31168K, reserved 1114112K
  class space    used 3379K, committed 3584K, reserved 1048576K
}
Event: 14.826 GC heap after
{Heap after GC invocations=20 (full 0):
 garbage-first heap   total 159744K, used 83968K [0x0000000081a00000, 0x0000000100000000)
  region size 1024K, 2 young (2048K), 2 survivors (2048K)
 Metaspace       used 30705K, committed 31168K, reserved 1114112K
  class space    used 3379K, committed 3584K, reserved 1048576K
}
Event: 16.327 GC heap before
{Heap before GC invocations=21 (full 0):
 garbage-first heap   total 159744K, used 136192K [0x0000000081a00000, 0x0000000100000000)
  region size 1024K, 46 young (47104K), 2 survivors (2048K)
 Metaspace       used 31731K, committed 32256K, reserved 1114112K
  class space    used 3478K, committed 3712K, reserved 1048576K
}
Event: 16.340 GC heap after
{Heap after GC invocations=22 (full 0):
 garbage-first heap   total 159744K, used 105472K [0x0000000081a00000, 0x0000000100000000)
  region size 1024K, 6 young (6144K), 6 survivors (6144K)
 Metaspace       used 31731K, committed 32256K, reserved 1114112K
  class space    used 3478K, committed 3712K, reserved 1048576K
}
Event: 17.078 GC heap before
{Heap before GC invocations=22 (full 0):
 garbage-first heap   total 159744K, used 135168K [0x0000000081a00000, 0x0000000100000000)
  region size 1024K, 36 young (36864K), 6 survivors (6144K)
 Metaspace       used 33100K, committed 33600K, reserved 1114112K
  class space    used 3627K, committed 3904K, reserved 1048576K
}
Event: 17.091 GC heap after
{Heap after GC invocations=23 (full 0):
 garbage-first heap   total 159744K, used 104076K [0x0000000081a00000, 0x0000000100000000)
  region size 1024K, 4 young (4096K), 4 survivors (4096K)
 Metaspace       used 33100K, committed 33600K, reserved 1114112K
  class space    used 3627K, committed 3904K, reserved 1048576K
}
Event: 17.879 GC heap before
{Heap before GC invocations=23 (full 0):
 garbage-first heap   total 159744K, used 136844K [0x0000000081a00000, 0x0000000100000000)
  region size 1024K, 36 young (36864K), 4 survivors (4096K)
 Metaspace       used 34723K, committed 35328K, reserved 1114112K
  class space    used 3813K, committed 4096K, reserved 1048576K
}
Event: 17.886 GC heap after
{Heap after GC invocations=24 (full 0):
 garbage-first heap   total 192512K, used 104918K [0x0000000081a00000, 0x0000000100000000)
  region size 1024K, 2 young (2048K), 2 survivors (2048K)
 Metaspace       used 34723K, committed 35328K, reserved 1114112K
  class space    used 3813K, committed 4096K, reserved 1048576K
}

